[2023-02-08 05:32:02,083][__main__][INFO] - Using device: cuda
[2023-02-08 05:32:02,083][__main__][INFO] - Saving results to ./inference_outputs/08D_02M_2023Y_05h_32m_02s
[2023-02-08 05:32:02,098][__main__][INFO] - Saving inference config to ./inference_outputs/08D_02M_2023Y_05h_32m_02s/inference_conf.yaml
[2023-02-08 05:32:02,098][__main__][INFO] - Loading weights from ./weights/paper_weights.pth
[2023-02-08 05:32:03,919][data.so3_diffuser][INFO] - Using cached IGSO3.
[2023-02-08 05:32:04,970][experiments.train_se3_diffusion][INFO] - Number of model parameters 17446190
[2023-02-08 05:32:04,972][experiments.train_se3_diffusion][INFO] - Checkpoint not being saved.
[2023-02-08 05:37:24,818][__main__][INFO] - Sampling length 100: ./inference_outputs/08D_02M_2023Y_05h_32m_02s/length_100
[2023-02-08 05:38:18,094][__main__][INFO] - Done sample 0: ./inference_outputs/08D_02M_2023Y_05h_32m_02s/length_100/sample_0/sample_1.pdb
[2023-02-08 05:39:09,052][__main__][INFO] - Done sample 1: ./inference_outputs/08D_02M_2023Y_05h_32m_02s/length_100/sample_1/sample_1.pdb
[2023-02-08 05:40:00,022][__main__][INFO] - Done sample 2: ./inference_outputs/08D_02M_2023Y_05h_32m_02s/length_100/sample_2/sample_1.pdb
[2023-02-08 05:40:53,641][__main__][INFO] - Done sample 3: ./inference_outputs/08D_02M_2023Y_05h_32m_02s/length_100/sample_3/sample_1.pdb
[2023-02-08 05:41:46,342][__main__][INFO] - Done sample 4: ./inference_outputs/08D_02M_2023Y_05h_32m_02s/length_100/sample_4/sample_1.pdb
[2023-02-08 05:42:42,095][__main__][INFO] - Done sample 5: ./inference_outputs/08D_02M_2023Y_05h_32m_02s/length_100/sample_5/sample_1.pdb
[2023-02-08 05:43:33,721][__main__][INFO] - Done sample 6: ./inference_outputs/08D_02M_2023Y_05h_32m_02s/length_100/sample_6/sample_1.pdb
[2023-02-08 05:44:24,691][__main__][INFO] - Done sample 7: ./inference_outputs/08D_02M_2023Y_05h_32m_02s/length_100/sample_7/sample_1.pdb
[2023-02-08 05:45:16,985][__main__][INFO] - Done sample 8: ./inference_outputs/08D_02M_2023Y_05h_32m_02s/length_100/sample_8/sample_1.pdb
[2023-02-08 05:46:07,518][__main__][INFO] - Done sample 9: ./inference_outputs/08D_02M_2023Y_05h_32m_02s/length_100/sample_9/sample_1.pdb
[2023-02-08 05:46:07,519][__main__][INFO] - Sampling length 105: ./inference_outputs/08D_02M_2023Y_05h_32m_02s/length_105
[2023-02-08 05:46:58,971][__main__][INFO] - Done sample 0: ./inference_outputs/08D_02M_2023Y_05h_32m_02s/length_105/sample_0/sample_1.pdb
[2023-02-08 05:47:51,780][__main__][INFO] - Done sample 1: ./inference_outputs/08D_02M_2023Y_05h_32m_02s/length_105/sample_1/sample_1.pdb
[2023-02-08 05:48:45,162][__main__][INFO] - Done sample 2: ./inference_outputs/08D_02M_2023Y_05h_32m_02s/length_105/sample_2/sample_1.pdb
[2023-02-08 05:49:37,696][__main__][INFO] - Done sample 3: ./inference_outputs/08D_02M_2023Y_05h_32m_02s/length_105/sample_3/sample_1.pdb
[2023-02-08 05:50:30,317][__main__][INFO] - Done sample 4: ./inference_outputs/08D_02M_2023Y_05h_32m_02s/length_105/sample_4/sample_1.pdb
[2023-02-08 05:51:24,071][__main__][INFO] - Done sample 5: ./inference_outputs/08D_02M_2023Y_05h_32m_02s/length_105/sample_5/sample_1.pdb
[2023-02-08 05:52:17,805][__main__][INFO] - Done sample 6: ./inference_outputs/08D_02M_2023Y_05h_32m_02s/length_105/sample_6/sample_1.pdb
[2023-02-08 05:53:09,421][__main__][INFO] - Done sample 7: ./inference_outputs/08D_02M_2023Y_05h_32m_02s/length_105/sample_7/sample_1.pdb
[2023-02-08 05:54:02,715][__main__][INFO] - Done sample 8: ./inference_outputs/08D_02M_2023Y_05h_32m_02s/length_105/sample_8/sample_1.pdb
[2023-02-08 05:54:55,030][__main__][INFO] - Done sample 9: ./inference_outputs/08D_02M_2023Y_05h_32m_02s/length_105/sample_9/sample_1.pdb
[2023-02-08 05:54:55,031][__main__][INFO] - Sampling length 110: ./inference_outputs/08D_02M_2023Y_05h_32m_02s/length_110
[2023-02-08 05:55:49,123][__main__][INFO] - Done sample 0: ./inference_outputs/08D_02M_2023Y_05h_32m_02s/length_110/sample_0/sample_1.pdb
[2023-02-08 05:56:43,351][__main__][INFO] - Done sample 1: ./inference_outputs/08D_02M_2023Y_05h_32m_02s/length_110/sample_1/sample_1.pdb
[2023-02-08 05:57:35,873][__main__][INFO] - Done sample 2: ./inference_outputs/08D_02M_2023Y_05h_32m_02s/length_110/sample_2/sample_1.pdb
[2023-02-08 05:58:33,469][__main__][INFO] - Done sample 3: ./inference_outputs/08D_02M_2023Y_05h_32m_02s/length_110/sample_3/sample_1.pdb
[2023-02-08 05:59:27,368][__main__][INFO] - Done sample 4: ./inference_outputs/08D_02M_2023Y_05h_32m_02s/length_110/sample_4/sample_1.pdb
[2023-02-08 06:00:20,989][__main__][INFO] - Done sample 5: ./inference_outputs/08D_02M_2023Y_05h_32m_02s/length_110/sample_5/sample_1.pdb
[2023-02-08 06:01:15,089][__main__][INFO] - Done sample 6: ./inference_outputs/08D_02M_2023Y_05h_32m_02s/length_110/sample_6/sample_1.pdb
[2023-02-08 06:02:07,641][__main__][INFO] - Done sample 7: ./inference_outputs/08D_02M_2023Y_05h_32m_02s/length_110/sample_7/sample_1.pdb
[2023-02-08 06:03:05,766][__main__][INFO] - Done sample 8: ./inference_outputs/08D_02M_2023Y_05h_32m_02s/length_110/sample_8/sample_1.pdb
[2023-02-08 06:03:59,290][__main__][INFO] - Done sample 9: ./inference_outputs/08D_02M_2023Y_05h_32m_02s/length_110/sample_9/sample_1.pdb
[2023-02-08 06:03:59,295][__main__][INFO] - Sampling length 115: ./inference_outputs/08D_02M_2023Y_05h_32m_02s/length_115
[2023-02-08 06:04:54,952][__main__][INFO] - Done sample 0: ./inference_outputs/08D_02M_2023Y_05h_32m_02s/length_115/sample_0/sample_1.pdb
[2023-02-08 06:05:52,132][__main__][INFO] - Done sample 1: ./inference_outputs/08D_02M_2023Y_05h_32m_02s/length_115/sample_1/sample_1.pdb
[2023-02-08 06:06:47,602][__main__][INFO] - Done sample 2: ./inference_outputs/08D_02M_2023Y_05h_32m_02s/length_115/sample_2/sample_1.pdb
[2023-02-08 06:07:44,171][__main__][INFO] - Done sample 3: ./inference_outputs/08D_02M_2023Y_05h_32m_02s/length_115/sample_3/sample_1.pdb
[2023-02-08 06:08:42,113][__main__][INFO] - Done sample 4: ./inference_outputs/08D_02M_2023Y_05h_32m_02s/length_115/sample_4/sample_1.pdb
[2023-02-08 06:09:39,011][__main__][INFO] - Done sample 5: ./inference_outputs/08D_02M_2023Y_05h_32m_02s/length_115/sample_5/sample_1.pdb
[2023-02-08 06:10:35,875][__main__][INFO] - Done sample 6: ./inference_outputs/08D_02M_2023Y_05h_32m_02s/length_115/sample_6/sample_1.pdb
[2023-02-08 06:11:29,763][__main__][INFO] - Done sample 7: ./inference_outputs/08D_02M_2023Y_05h_32m_02s/length_115/sample_7/sample_1.pdb
